This is pdfTeX, Version 3.141592653-2.6-1.40.23 (TeX Live 2021/W32TeX) (preloaded format=pdflatex 2021.7.16)  16 JUL 2021 14:43
entering extended mode
 restricted \write18 enabled.
 %&-line parsing enabled.
**FRAM_v_ERA.tex
(./FRAM_v_ERA.tex
LaTeX2e <2021-06-01> patch level 1
L3 programming layer <2021-07-12>
(c:/Users/jonathan.carey/AppData/Roaming/TinyTeX/texmf-dist/tex/latex/base/arti
cle.cls
Document Class: article 2021/02/12 v1.4n Standard LaTeX document class

(c:/Users/jonathan.carey/AppData/Roaming/TinyTeX/texmf-dist/tex/latex/base/size
10.clo
File: size10.clo 2021/02/12 v1.4n Standard LaTeX file (size option)
)
\c@part=\count182
\c@section=\count183
\c@subsection=\count184
\c@subsubsection=\count185
\c@paragraph=\count186
\c@subparagraph=\count187
\c@figure=\count188
\c@table=\count189
\abovecaptionskip=\skip47
\belowcaptionskip=\skip48
\bibindent=\dimen138
)
(c:/Users/jonathan.carey/AppData/Roaming/TinyTeX/texmf-dist/tex/latex/lm/lmoder
n.sty
Package: lmodern 2015/05/01 v1.6.1 Latin Modern Fonts
LaTeX Font Info:    Overwriting symbol font `operators' in version `normal'
(Font)                  OT1/cmr/m/n --> OT1/lmr/m/n on input line 22.
LaTeX Font Info:    Overwriting symbol font `letters' in version `normal'
(Font)                  OML/cmm/m/it --> OML/lmm/m/it on input line 23.
LaTeX Font Info:    Overwriting symbol font `symbols' in version `normal'
(Font)                  OMS/cmsy/m/n --> OMS/lmsy/m/n on input line 24.
LaTeX Font Info:    Overwriting symbol font `largesymbols' in version `normal'
(Font)                  OMX/cmex/m/n --> OMX/lmex/m/n on input line 25.
LaTeX Font Info:    Overwriting symbol font `operators' in version `bold'
(Font)                  OT1/cmr/bx/n --> OT1/lmr/bx/n on input line 26.
LaTeX Font Info:    Overwriting symbol font `letters' in version `bold'
(Font)                  OML/cmm/b/it --> OML/lmm/b/it on input line 27.
LaTeX Font Info:    Overwriting symbol font `symbols' in version `bold'
(Font)                  OMS/cmsy/b/n --> OMS/lmsy/b/n on input line 28.
LaTeX Font Info:    Overwriting symbol font `largesymbols' in version `bold'
(Font)                  OMX/cmex/m/n --> OMX/lmex/m/n on input line 29.
LaTeX Font Info:    Overwriting math alphabet `\mathbf' in version `normal'
(Font)                  OT1/cmr/bx/n --> OT1/lmr/bx/n on input line 31.
LaTeX Font Info:    Overwriting math alphabet `\mathsf' in version `normal'
(Font)                  OT1/cmss/m/n --> OT1/lmss/m/n on input line 32.
LaTeX Font Info:    Overwriting math alphabet `\mathit' in version `normal'
(Font)                  OT1/cmr/m/it --> OT1/lmr/m/it on input line 33.
LaTeX Font Info:    Overwriting math alphabet `\mathtt' in version `normal'
(Font)                  OT1/cmtt/m/n --> OT1/lmtt/m/n on input line 34.
LaTeX Font Info:    Overwriting math alphabet `\mathbf' in version `bold'
(Font)                  OT1/cmr/bx/n --> OT1/lmr/bx/n on input line 35.
LaTeX Font Info:    Overwriting math alphabet `\mathsf' in version `bold'
(Font)                  OT1/cmss/bx/n --> OT1/lmss/bx/n on input line 36.
LaTeX Font Info:    Overwriting math alphabet `\mathit' in version `bold'
(Font)                  OT1/cmr/bx/it --> OT1/lmr/bx/it on input line 37.
LaTeX Font Info:    Overwriting math alphabet `\mathtt' in version `bold'
(Font)                  OT1/cmtt/m/n --> OT1/lmtt/m/n on input line 38.
)
(c:/Users/jonathan.carey/AppData/Roaming/TinyTeX/texmf-dist/tex/latex/amsfonts/
amssymb.sty
Package: amssymb 2013/01/14 v3.01 AMS font symbols

(c:/Users/jonathan.carey/AppData/Roaming/TinyTeX/texmf-dist/tex/latex/amsfonts/
amsfonts.sty
Package: amsfonts 2013/01/14 v3.01 Basic AMSFonts support
\@emptytoks=\toks16
\symAMSa=\mathgroup4
\symAMSb=\mathgroup5
LaTeX Font Info:    Redeclaring math symbol \hbar on input line 98.
LaTeX Font Info:    Overwriting math alphabet `\mathfrak' in version `bold'
(Font)                  U/euf/m/n --> U/euf/b/n on input line 106.
))
(c:/Users/jonathan.carey/AppData/Roaming/TinyTeX/texmf-dist/tex/latex/amsmath/a
msmath.sty
Package: amsmath 2021/04/20 v2.17j AMS math features
\@mathmargin=\skip49
For additional information on amsmath, use the `?' option.

(c:/Users/jonathan.carey/AppData/Roaming/TinyTeX/texmf-dist/tex/latex/amsmath/a
mstext.sty
Package: amstext 2000/06/29 v2.01 AMS text

(c:/Users/jonathan.carey/AppData/Roaming/TinyTeX/texmf-dist/tex/latex/amsmath/a
msgen.sty
File: amsgen.sty 1999/11/30 v2.0 generic functions
\@emptytoks=\toks17
\ex@=\dimen139
))
(c:/Users/jonathan.carey/AppData/Roaming/TinyTeX/texmf-dist/tex/latex/amsmath/a
msbsy.sty
Package: amsbsy 1999/11/29 v1.2d Bold Symbols
\pmbraise@=\dimen140
)
(c:/Users/jonathan.carey/AppData/Roaming/TinyTeX/texmf-dist/tex/latex/amsmath/a
msopn.sty
Package: amsopn 2016/03/08 v2.02 operator names
)
\inf@bad=\count190
LaTeX Info: Redefining \frac on input line 234.
\uproot@=\count191
\leftroot@=\count192
LaTeX Info: Redefining \overline on input line 399.
\classnum@=\count193
\DOTSCASE@=\count194
LaTeX Info: Redefining \ldots on input line 496.
LaTeX Info: Redefining \dots on input line 499.
LaTeX Info: Redefining \cdots on input line 620.
\Mathstrutbox@=\box50
\strutbox@=\box51
\big@size=\dimen141
LaTeX Font Info:    Redeclaring font encoding OML on input line 743.
LaTeX Font Info:    Redeclaring font encoding OMS on input line 744.
\macc@depth=\count195
\c@MaxMatrixCols=\count196
\dotsspace@=\muskip16
\c@parentequation=\count197
\dspbrk@lvl=\count198
\tag@help=\toks18
\row@=\count199
\column@=\count266
\maxfields@=\count267
\andhelp@=\toks19
\eqnshift@=\dimen142
\alignsep@=\dimen143
\tagshift@=\dimen144
\tagwidth@=\dimen145
\totwidth@=\dimen146
\lineht@=\dimen147
\@envbody=\toks20
\multlinegap=\skip50
\multlinetaggap=\skip51
\mathdisplay@stack=\toks21
LaTeX Info: Redefining \[ on input line 2923.
LaTeX Info: Redefining \] on input line 2924.
)
(c:/Users/jonathan.carey/AppData/Roaming/TinyTeX/texmf-dist/tex/generic/iftex/i
fxetex.sty
Package: ifxetex 2019/10/25 v0.7 ifxetex legacy package. Use iftex instead.

(c:/Users/jonathan.carey/AppData/Roaming/TinyTeX/texmf-dist/tex/generic/iftex/i
ftex.sty
Package: iftex 2020/03/06 v1.0d TeX engine tests
))
(c:/Users/jonathan.carey/AppData/Roaming/TinyTeX/texmf-dist/tex/generic/iftex/i
fluatex.sty
Package: ifluatex 2019/10/25 v1.5 ifluatex legacy package. Use iftex instead.
)
(c:/Users/jonathan.carey/AppData/Roaming/TinyTeX/texmf-dist/tex/latex/base/fixl
tx2e.sty
Package: fixltx2e 2016/12/29 v2.1a fixes to LaTeX (obsolete)
Applying: [2015/01/01] Old fixltx2e package on input line 46.

Package fixltx2e Warning: fixltx2e is not required with releases after 2015
(fixltx2e)                All fixes are now in the LaTeX kernel.
(fixltx2e)                See the latexrelease package for details.

Already applied: [0000/00/00] Old fixltx2e package on input line 53.
)
(c:/Users/jonathan.carey/AppData/Roaming/TinyTeX/texmf-dist/tex/latex/base/font
enc.sty
Package: fontenc 2021/04/29 v2.0v Standard LaTeX package
LaTeX Font Info:    Trying to load font information for T1+lmr on input line 11
2.

(c:/Users/jonathan.carey/AppData/Roaming/TinyTeX/texmf-dist/tex/latex/lm/t1lmr.
fd
File: t1lmr.fd 2015/05/01 v1.6.1 Font defs for Latin Modern
))
(c:/Users/jonathan.carey/AppData/Roaming/TinyTeX/texmf-dist/tex/latex/base/inpu
tenc.sty
Package: inputenc 2021/02/14 v1.3d Input encoding file
\inpenc@prehook=\toks22
\inpenc@posthook=\toks23
)
(c:/Users/jonathan.carey/AppData/Roaming/TinyTeX/texmf-dist/tex/latex/hyperref/
hyperref.sty
Package: hyperref 2021-06-07 v7.00m Hypertext links for LaTeX

(c:/Users/jonathan.carey/AppData/Roaming/TinyTeX/texmf-dist/tex/generic/ltxcmds
/ltxcmds.sty
Package: ltxcmds 2020-05-10 v1.25 LaTeX kernel commands for general use (HO)
)
(c:/Users/jonathan.carey/AppData/Roaming/TinyTeX/texmf-dist/tex/generic/pdftexc
mds/pdftexcmds.sty
Package: pdftexcmds 2020-06-27 v0.33 Utility functions of pdfTeX for LuaTeX (HO
)

(c:/Users/jonathan.carey/AppData/Roaming/TinyTeX/texmf-dist/tex/generic/infware
rr/infwarerr.sty
Package: infwarerr 2019/12/03 v1.5 Providing info/warning/error messages (HO)
)
Package pdftexcmds Info: \pdf@primitive is available.
Package pdftexcmds Info: \pdf@ifprimitive is available.
Package pdftexcmds Info: \pdfdraftmode found.
)
(c:/Users/jonathan.carey/AppData/Roaming/TinyTeX/texmf-dist/tex/latex/graphics/
keyval.sty
Package: keyval 2014/10/28 v1.15 key=value parser (DPC)
\KV@toks@=\toks24
)
(c:/Users/jonathan.carey/AppData/Roaming/TinyTeX/texmf-dist/tex/generic/kvsetke
ys/kvsetkeys.sty
Package: kvsetkeys 2019/12/15 v1.18 Key value parser (HO)
)
(c:/Users/jonathan.carey/AppData/Roaming/TinyTeX/texmf-dist/tex/generic/kvdefin
ekeys/kvdefinekeys.sty
Package: kvdefinekeys 2019-12-19 v1.6 Define keys (HO)
)
(c:/Users/jonathan.carey/AppData/Roaming/TinyTeX/texmf-dist/tex/generic/pdfesca
pe/pdfescape.sty
Package: pdfescape 2019/12/09 v1.15 Implements pdfTeX's escape features (HO)
)
(c:/Users/jonathan.carey/AppData/Roaming/TinyTeX/texmf-dist/tex/latex/hycolor/h
ycolor.sty
Package: hycolor 2020-01-27 v1.10 Color options for hyperref/bookmark (HO)
)
(c:/Users/jonathan.carey/AppData/Roaming/TinyTeX/texmf-dist/tex/latex/letltxmac
ro/letltxmacro.sty
Package: letltxmacro 2019/12/03 v1.6 Let assignment for LaTeX macros (HO)
)
(c:/Users/jonathan.carey/AppData/Roaming/TinyTeX/texmf-dist/tex/latex/auxhook/a
uxhook.sty
Package: auxhook 2019-12-17 v1.6 Hooks for auxiliary files (HO)
)
(c:/Users/jonathan.carey/AppData/Roaming/TinyTeX/texmf-dist/tex/latex/kvoptions
/kvoptions.sty
Package: kvoptions 2020-10-07 v3.14 Key value format for package options (HO)
)
\@linkdim=\dimen148
\Hy@linkcounter=\count268
\Hy@pagecounter=\count269

(c:/Users/jonathan.carey/AppData/Roaming/TinyTeX/texmf-dist/tex/latex/hyperref/
pd1enc.def
File: pd1enc.def 2021-06-07 v7.00m Hyperref: PDFDocEncoding definition (HO)
Now handling font encoding PD1 ...
... no UTF-8 mapping file for font encoding PD1
)
(c:/Users/jonathan.carey/AppData/Roaming/TinyTeX/texmf-dist/tex/latex/hyperref/
hyperref-langpatches.def
File: hyperref-langpatches.def 2021-06-07 v7.00m Hyperref: patches for babel la
nguages
)
(c:/Users/jonathan.carey/AppData/Roaming/TinyTeX/texmf-dist/tex/generic/intcalc
/intcalc.sty
Package: intcalc 2019/12/15 v1.3 Expandable calculations with integers (HO)
)
(c:/Users/jonathan.carey/AppData/Roaming/TinyTeX/texmf-dist/tex/generic/etexcmd
s/etexcmds.sty
Package: etexcmds 2019/12/15 v1.7 Avoid name clashes with e-TeX commands (HO)
)
\Hy@SavedSpaceFactor=\count270

(c:/Users/jonathan.carey/AppData/Roaming/TinyTeX/texmf-dist/tex/latex/hyperref/
puenc.def
File: puenc.def 2021-06-07 v7.00m Hyperref: PDF Unicode definition (HO)
Now handling font encoding PU ...
... no UTF-8 mapping file for font encoding PU
)
Package hyperref Info: Option `unicode' set `true' on input line 4073.
Package hyperref Info: Hyper figures OFF on input line 4192.
Package hyperref Info: Link nesting OFF on input line 4197.
Package hyperref Info: Hyper index ON on input line 4200.
Package hyperref Info: Plain pages OFF on input line 4207.
Package hyperref Info: Backreferencing OFF on input line 4212.
Package hyperref Info: Implicit mode ON; LaTeX internals redefined.
Package hyperref Info: Bookmarks ON on input line 4445.
\c@Hy@tempcnt=\count271

(c:/Users/jonathan.carey/AppData/Roaming/TinyTeX/texmf-dist/tex/latex/url/url.s
ty
\Urlmuskip=\muskip17
Package: url 2013/09/16  ver 3.4  Verb mode for urls, etc.
)
LaTeX Info: Redefining \url on input line 4804.
\XeTeXLinkMargin=\dimen149

(c:/Users/jonathan.carey/AppData/Roaming/TinyTeX/texmf-dist/tex/generic/bitset/
bitset.sty
Package: bitset 2019/12/09 v1.3 Handle bit-vector datatype (HO)

(c:/Users/jonathan.carey/AppData/Roaming/TinyTeX/texmf-dist/tex/generic/bigintc
alc/bigintcalc.sty
Package: bigintcalc 2019/12/15 v1.5 Expandable calculations on big integers (HO
)
))
\Fld@menulength=\count272
\Field@Width=\dimen150
\Fld@charsize=\dimen151
Package hyperref Info: Hyper figures OFF on input line 6076.
Package hyperref Info: Link nesting OFF on input line 6081.
Package hyperref Info: Hyper index ON on input line 6084.
Package hyperref Info: backreferencing OFF on input line 6091.
Package hyperref Info: Link coloring OFF on input line 6096.
Package hyperref Info: Link coloring with OCG OFF on input line 6101.
Package hyperref Info: PDF/A mode OFF on input line 6106.
LaTeX Info: Redefining \ref on input line 6146.
LaTeX Info: Redefining \pageref on input line 6150.

(c:/Users/jonathan.carey/AppData/Roaming/TinyTeX/texmf-dist/tex/latex/base/atbe
gshi-ltx.sty
Package: atbegshi-ltx 2021/01/10 v1.0c Emulation of the original atbegshi
package with kernel methods
)
\Hy@abspage=\count273
\c@Item=\count274
\c@Hfootnote=\count275
)
Package hyperref Info: Driver (autodetected): hpdftex.

(c:/Users/jonathan.carey/AppData/Roaming/TinyTeX/texmf-dist/tex/latex/hyperref/
hpdftex.def
File: hpdftex.def 2021-06-07 v7.00m Hyperref driver for pdfTeX

(c:/Users/jonathan.carey/AppData/Roaming/TinyTeX/texmf-dist/tex/latex/base/atve
ryend-ltx.sty
Package: atveryend-ltx 2020/08/19 v1.0a Emulation of the original atvery packag
e
with kernel methods
)
\Fld@listcount=\count276
\c@bookmark@seq@number=\count277

(c:/Users/jonathan.carey/AppData/Roaming/TinyTeX/texmf-dist/tex/latex/rerunfile
check/rerunfilecheck.sty
Package: rerunfilecheck 2019/12/05 v1.9 Rerun checks for auxiliary files (HO)

(c:/Users/jonathan.carey/AppData/Roaming/TinyTeX/texmf-dist/tex/generic/uniquec
ounter/uniquecounter.sty
Package: uniquecounter 2019/12/15 v1.4 Provide unlimited unique counter (HO)
)
Package uniquecounter Info: New unique counter `rerunfilecheck' on input line 2
86.
)
\Hy@SectionHShift=\skip52
)
Package hyperref Info: Option `breaklinks' set `true' on input line 29.

(c:/Users/jonathan.carey/AppData/Roaming/TinyTeX/texmf-dist/tex/latex/geometry/
geometry.sty
Package: geometry 2020/01/02 v5.9 Page Geometry

(c:/Users/jonathan.carey/AppData/Roaming/TinyTeX/texmf-dist/tex/generic/iftex/i
fvtex.sty
Package: ifvtex 2019/10/25 v1.7 ifvtex legacy package. Use iftex instead.
)
\Gm@cnth=\count278
\Gm@cntv=\count279
\c@Gm@tempcnt=\count280
\Gm@bindingoffset=\dimen152
\Gm@wd@mp=\dimen153
\Gm@odd@mp=\dimen154
\Gm@even@mp=\dimen155
\Gm@layoutwidth=\dimen156
\Gm@layoutheight=\dimen157
\Gm@layouthoffset=\dimen158
\Gm@layoutvoffset=\dimen159
\Gm@dimlist=\toks25
)
(c:/Users/jonathan.carey/AppData/Roaming/TinyTeX/texmf-dist/tex/latex/graphics/
graphicx.sty
Package: graphicx 2020/12/05 v1.2c Enhanced LaTeX Graphics (DPC,SPQR)

(c:/Users/jonathan.carey/AppData/Roaming/TinyTeX/texmf-dist/tex/latex/graphics/
graphics.sty
Package: graphics 2021/03/04 v1.4d Standard LaTeX Graphics (DPC,SPQR)

(c:/Users/jonathan.carey/AppData/Roaming/TinyTeX/texmf-dist/tex/latex/graphics/
trig.sty
Package: trig 2016/01/03 v1.10 sin cos tan (DPC)
)
(c:/Users/jonathan.carey/AppData/Roaming/TinyTeX/texmf-dist/tex/latex/graphics-
cfg/graphics.cfg
File: graphics.cfg 2016/06/04 v1.11 sample graphics configuration
)
Package graphics Info: Driver file: pdftex.def on input line 107.

(c:/Users/jonathan.carey/AppData/Roaming/TinyTeX/texmf-dist/tex/latex/graphics-
def/pdftex.def
File: pdftex.def 2020/10/05 v1.2a Graphics/color driver for pdftex
))
\Gin@req@height=\dimen160
\Gin@req@width=\dimen161
)
(c:/Users/jonathan.carey/AppData/Roaming/TinyTeX/texmf-dist/tex/latex/grffile/g
rffile.sty
Package: grffile 2019/11/11 v2.1 Extended file name support for graphics (legac
y)
Package grffile Info: This package is an empty stub for compatibility on input 
line 40.
)
(c:/Users/jonathan.carey/AppData/Roaming/TinyTeX/texmf-dist/tex/latex/booktabs/
booktabs.sty
Package: booktabs 2020/01/12 v1.61803398 Publication quality tables
\heavyrulewidth=\dimen162
\lightrulewidth=\dimen163
\cmidrulewidth=\dimen164
\belowrulesep=\dimen165
\belowbottomsep=\dimen166
\aboverulesep=\dimen167
\abovetopsep=\dimen168
\cmidrulesep=\dimen169
\cmidrulekern=\dimen170
\defaultaddspace=\dimen171
\@cmidla=\count281
\@cmidlb=\count282
\@aboverulesep=\dimen172
\@belowrulesep=\dimen173
\@thisruleclass=\count283
\@lastruleclass=\count284
\@thisrulewidth=\dimen174
)
(c:/Users/jonathan.carey/AppData/Roaming/TinyTeX/texmf-dist/tex/latex/tools/lon
gtable.sty
Package: longtable 2021-05-07 v4.16 Multi-page Table package (DPC)
\LTleft=\skip53
\LTright=\skip54
\LTpre=\skip55
\LTpost=\skip56
\LTchunksize=\count285
\LTcapwidth=\dimen175
\LT@head=\box52
\LT@firsthead=\box53
\LT@foot=\box54
\LT@lastfoot=\box55
\LT@gbox=\box56
\LT@cols=\count286
\LT@rows=\count287
\c@LT@tables=\count288
\c@LT@chunks=\count289
\LT@p@ftn=\toks26
)
(c:/Users/jonathan.carey/AppData/Roaming/TinyTeX/texmf-dist/tex/latex/tools/arr
ay.sty
Package: array 2021/04/20 v2.5e Tabular extension package (FMi)
\col@sep=\dimen176
\ar@mcellbox=\box57
\extrarowheight=\dimen177
\NC@list=\toks27
\extratabsurround=\skip57
\backup@length=\skip58
\ar@cellbox=\box58
)
(c:/Users/jonathan.carey/AppData/Roaming/TinyTeX/texmf-dist/tex/latex/multirow/
multirow.sty
Package: multirow 2021/03/15 v2.8 Span multiple rows of a table
\multirow@colwidth=\skip59
\multirow@cntb=\count290
\multirow@dima=\skip60
\bigstrutjot=\dimen178
)
(c:/Users/jonathan.carey/AppData/Roaming/TinyTeX/texmf-dist/tex/latex/wrapfig/w
rapfig.sty
\wrapoverhang=\dimen179
\WF@size=\dimen180
\c@WF@wrappedlines=\count291
\WF@box=\box59
\WF@everypar=\toks28
Package: wrapfig 2003/01/31  v 3.6
)
(c:/Users/jonathan.carey/AppData/Roaming/TinyTeX/texmf-dist/tex/latex/float/flo
at.sty
Package: float 2001/11/08 v1.3d Float enhancements (AL)
\c@float@type=\count292
\float@exts=\toks29
\float@box=\box60
\@float@everytoks=\toks30
\@floatcapt=\box61
)
(c:/Users/jonathan.carey/AppData/Roaming/TinyTeX/texmf-dist/tex/latex/colortbl/
colortbl.sty
Package: colortbl 2020/01/04 v1.0e Color table columns (DPC)

(c:/Users/jonathan.carey/AppData/Roaming/TinyTeX/texmf-dist/tex/latex/graphics/
color.sty
Package: color 2020/02/24 v1.2b Standard LaTeX Color (DPC)

(c:/Users/jonathan.carey/AppData/Roaming/TinyTeX/texmf-dist/tex/latex/graphics-
cfg/color.cfg
File: color.cfg 2016/01/02 v1.6 sample color configuration
)
Package color Info: Driver file: pdftex.def on input line 149.
)
\everycr=\toks31
\minrowclearance=\skip61
)
(c:/Users/jonathan.carey/AppData/Roaming/TinyTeX/texmf-dist/tex/latex/pdflscape
/pdflscape.sty
Package: pdflscape 2019/12/05 v0.12 Display of landscape pages in PDF (HO)

(c:/Users/jonathan.carey/AppData/Roaming/TinyTeX/texmf-dist/tex/latex/graphics/
lscape.sty
Package: lscape 2020/05/28 v3.02 Landscape Pages (DPC)
)
Package pdflscape Info: Auto-detected driver: pdftex on input line 81.
)
(c:/Users/jonathan.carey/AppData/Roaming/TinyTeX/texmf-dist/tex/latex/tabu/tabu
.sty
Package: tabu 2019/01/11 v2.9 - flexible LaTeX tabulars (FC+tabu-fixed)

(c:/Users/jonathan.carey/AppData/Roaming/TinyTeX/texmf-dist/tex/latex/varwidth/
varwidth.sty
Package: varwidth 2009/03/30 ver 0.92;  Variable-width minipages
\@vwid@box=\box62
\sift@deathcycles=\count293
\@vwid@loff=\dimen181
\@vwid@roff=\dimen182
)
\c@taburow=\count294
\tabu@nbcols=\count295
\tabu@cnt=\count296
\tabu@Xcol=\count297
\tabu@alloc=\count298
\tabu@nested=\count299
\tabu@target=\dimen183
\tabu@spreadtarget=\dimen184
\tabu@naturalX=\dimen185
\tabucolX=\dimen186
\tabu@Xsum=\dimen187
\extrarowdepth=\dimen188
\abovetabulinesep=\dimen189
\belowtabulinesep=\dimen190
\tabustrutrule=\dimen191
\tabu@thebody=\toks32
\tabu@footnotes=\toks33
\tabu@box=\box63
\tabu@arstrutbox=\box64
\tabu@hleads=\box65
\tabu@vleads=\box66
\tabu@cellskip=\skip62
)
(c:/Users/jonathan.carey/AppData/Roaming/TinyTeX/texmf-dist/tex/latex/threepart
table/threeparttable.sty
Package: threeparttable 2003/06/13  v 3.0
\@tempboxb=\box67
)
(c:/Users/jonathan.carey/AppData/Roaming/TinyTeX/texmf-dist/tex/latex/threepart
tablex/threeparttablex.sty
Package: threeparttablex 2013/07/23 v0.3 by daleif

(c:/Users/jonathan.carey/AppData/Roaming/TinyTeX/texmf-dist/tex/latex/environ/e
nviron.sty
Package: environ 2014/05/04 v0.3 A new way to define environments

(c:/Users/jonathan.carey/AppData/Roaming/TinyTeX/texmf-dist/tex/latex/trimspace
s/trimspaces.sty
Package: trimspaces 2009/09/17 v1.1 Trim spaces around a token list
))
\TPTL@width=\skip63
)
(c:/Users/jonathan.carey/AppData/Roaming/TinyTeX/texmf-dist/tex/generic/ulem/ul
em.sty
\UL@box=\box68
\UL@hyphenbox=\box69
\UL@skip=\skip64
\UL@hook=\toks34
\UL@height=\dimen192
\UL@pe=\count300
\UL@pixel=\dimen193
\ULC@box=\box70
Package: ulem 2019/11/18
\ULdepth=\dimen194
)
(c:/Users/jonathan.carey/AppData/Roaming/TinyTeX/texmf-dist/tex/latex/makecell/
makecell.sty
Package: makecell 2009/08/03 V0.1e Managing of Tab Column Heads and Cells
\rotheadsize=\dimen195
\c@nlinenum=\count301
\TeXr@lab=\toks35
)
(c:/Users/jonathan.carey/AppData/Roaming/TinyTeX/texmf-dist/tex/latex/xcolor/xc
olor.sty
Package: xcolor 2016/05/11 v2.12 LaTeX color extensions (UK)

(c:/Users/jonathan.carey/AppData/Roaming/TinyTeX/texmf-dist/tex/latex/graphics-
cfg/color.cfg
File: color.cfg 2016/01/02 v1.6 sample color configuration
)
Package xcolor Info: Driver file: pdftex.def on input line 225.
LaTeX Info: Redefining \color on input line 709.
Package xcolor Info: Model `cmy' substituted by `cmy0' on input line 1348.
Package xcolor Info: Model `hsb' substituted by `rgb' on input line 1352.
Package xcolor Info: Model `RGB' extended on input line 1364.
Package xcolor Info: Model `HTML' substituted by `rgb' on input line 1366.
Package xcolor Info: Model `Hsb' substituted by `hsb' on input line 1367.
Package xcolor Info: Model `tHsb' substituted by `hsb' on input line 1368.
Package xcolor Info: Model `HSB' substituted by `hsb' on input line 1369.
Package xcolor Info: Model `Gray' substituted by `gray' on input line 1370.
Package xcolor Info: Model `wave' substituted by `hsb' on input line 1371.
)
(c:/Users/jonathan.carey/AppData/Roaming/TinyTeX/texmf-dist/tex/latex/l3backend
/l3backend-pdftex.def
File: l3backend-pdftex.def 2021-07-12 L3 backend support: PDF output (pdfTeX)
\l__color_backend_stack_int=\count302
\l__pdf_internal_box=\box71
) (./FRAM_v_ERA.aux)
\openout1 = `FRAM_v_ERA.aux'.

LaTeX Font Info:    Checking defaults for OML/cmm/m/it on input line 85.
LaTeX Font Info:    ... okay on input line 85.
LaTeX Font Info:    Checking defaults for OMS/cmsy/m/n on input line 85.
LaTeX Font Info:    ... okay on input line 85.
LaTeX Font Info:    Checking defaults for OT1/cmr/m/n on input line 85.
LaTeX Font Info:    ... okay on input line 85.
LaTeX Font Info:    Checking defaults for T1/cmr/m/n on input line 85.
LaTeX Font Info:    ... okay on input line 85.
LaTeX Font Info:    Checking defaults for TS1/cmr/m/n on input line 85.
LaTeX Font Info:    ... okay on input line 85.
LaTeX Font Info:    Checking defaults for OMX/cmex/m/n on input line 85.
LaTeX Font Info:    ... okay on input line 85.
LaTeX Font Info:    Checking defaults for U/cmr/m/n on input line 85.
LaTeX Font Info:    ... okay on input line 85.
LaTeX Font Info:    Checking defaults for PD1/pdf/m/n on input line 85.
LaTeX Font Info:    ... okay on input line 85.
LaTeX Font Info:    Checking defaults for PU/pdf/m/n on input line 85.
LaTeX Font Info:    ... okay on input line 85.
Package hyperref Info: Link coloring OFF on input line 85.

(c:/Users/jonathan.carey/AppData/Roaming/TinyTeX/texmf-dist/tex/latex/hyperref/
nameref.sty
Package: nameref 2021-04-02 v2.47 Cross-referencing by name of section

(c:/Users/jonathan.carey/AppData/Roaming/TinyTeX/texmf-dist/tex/latex/refcount/
refcount.sty
Package: refcount 2019/12/15 v3.6 Data extraction from label references (HO)
)
(c:/Users/jonathan.carey/AppData/Roaming/TinyTeX/texmf-dist/tex/generic/gettitl
estring/gettitlestring.sty
Package: gettitlestring 2019/12/15 v1.6 Cleanup title references (HO)
)
\c@section@level=\count303
)
LaTeX Info: Redefining \ref on input line 85.
LaTeX Info: Redefining \pageref on input line 85.
LaTeX Info: Redefining \nameref on input line 85.
(./FRAM_v_ERA.out) (./FRAM_v_ERA.out)
\@outlinefile=\write3
\openout3 = `FRAM_v_ERA.out'.

*geometry* driver: auto-detecting
*geometry* detected driver: pdftex
*geometry* verbose mode - [ preamble ] result:
* driver: pdftex
* paper: <default>
* layout: <same size as paper>
* layoutoffset:(h,v)=(0.0pt,0.0pt)
* modes: 
* h-part:(L,W,R)=(72.26999pt, 469.75502pt, 72.26999pt)
* v-part:(T,H,B)=(72.26999pt, 650.43001pt, 72.26999pt)
* \paperwidth=614.295pt
* \paperheight=794.96999pt
* \textwidth=469.75502pt
* \textheight=650.43001pt
* \oddsidemargin=0.0pt
* \evensidemargin=0.0pt
* \topmargin=-37.0pt
* \headheight=12.0pt
* \headsep=25.0pt
* \topskip=10.0pt
* \footskip=30.0pt
* \marginparwidth=65.0pt
* \marginparsep=11.0pt
* \columnsep=10.0pt
* \skip\footins=9.0pt plus 4.0pt minus 2.0pt
* \hoffset=0.0pt
* \voffset=0.0pt
* \mag=1000
* \@twocolumnfalse
* \@twosidefalse
* \@mparswitchfalse
* \@reversemarginfalse
* (1in=72.27pt=25.4mm, 1cm=28.453pt)


(c:/Users/jonathan.carey/AppData/Roaming/TinyTeX/texmf-dist/tex/latex/epstopdf-
pkg/epstopdf-base.sty
Package: epstopdf-base 2020-01-24 v2.11 Base part for package epstopdf
Package epstopdf-base Info: Redefining graphics rule for `.eps' on input line 4
85.

(c:/Users/jonathan.carey/AppData/Roaming/TinyTeX/texmf-dist/tex/latex/latexconf
ig/epstopdf-sys.cfg
File: epstopdf-sys.cfg 2010/07/13 v1.3 Configuration of (r)epstopdf for TeX Liv
e
))
LaTeX Font Info:    Trying to load font information for OT1+lmr on input line 8
7.

(c:/Users/jonathan.carey/AppData/Roaming/TinyTeX/texmf-dist/tex/latex/lm/ot1lmr
.fd
File: ot1lmr.fd 2015/05/01 v1.6.1 Font defs for Latin Modern
)
LaTeX Font Info:    Trying to load font information for OML+lmm on input line 8
7.

(c:/Users/jonathan.carey/AppData/Roaming/TinyTeX/texmf-dist/tex/latex/lm/omllmm
.fd
File: omllmm.fd 2015/05/01 v1.6.1 Font defs for Latin Modern
)
LaTeX Font Info:    Trying to load font information for OMS+lmsy on input line 
87.

(c:/Users/jonathan.carey/AppData/Roaming/TinyTeX/texmf-dist/tex/latex/lm/omslms
y.fd
File: omslmsy.fd 2015/05/01 v1.6.1 Font defs for Latin Modern
)
LaTeX Font Info:    Trying to load font information for OMX+lmex on input line 
87.

(c:/Users/jonathan.carey/AppData/Roaming/TinyTeX/texmf-dist/tex/latex/lm/omxlme
x.fd
File: omxlmex.fd 2015/05/01 v1.6.1 Font defs for Latin Modern
)
LaTeX Font Info:    External font `lmex10' loaded for size
(Font)              <12> on input line 87.
LaTeX Font Info:    External font `lmex10' loaded for size
(Font)              <8> on input line 87.
LaTeX Font Info:    External font `lmex10' loaded for size
(Font)              <6> on input line 87.
LaTeX Font Info:    Trying to load font information for U+msa on input line 87.


(c:/Users/jonathan.carey/AppData/Roaming/TinyTeX/texmf-dist/tex/latex/amsfonts/
umsa.fd
File: umsa.fd 2013/01/14 v3.01 AMS symbols A
)
LaTeX Font Info:    Trying to load font information for U+msb on input line 87.


(c:/Users/jonathan.carey/AppData/Roaming/TinyTeX/texmf-dist/tex/latex/amsfonts/
umsb.fd
File: umsb.fd 2013/01/14 v3.01 AMS symbols B
)
LaTeX Font Info:    Trying to load font information for TS1+lmr on input line 9
3.

(c:/Users/jonathan.carey/AppData/Roaming/TinyTeX/texmf-dist/tex/latex/lm/ts1lmr
.fd
File: ts1lmr.fd 2015/05/01 v1.6.1 Font defs for Latin Modern
) [1

{c:/Users/jonathan.carey/AppData/Roaming/TinyTeX/texmf-var/fonts/map/pdftex/upd
map/pdftex.map}]
LaTeX Font Info:    External font `lmex10' loaded for size
(Font)              <10> on input line 228.
LaTeX Font Info:    External font `lmex10' loaded for size
(Font)              <7> on input line 228.
LaTeX Font Info:    External font `lmex10' loaded for size
(Font)              <5> on input line 228.
[2]
<FRAM_v_ERA_files/figure-latex/Ocean ER Box Plot1-1.pdf, id=69, 578.16pt x 325.
215pt>
File: FRAM_v_ERA_files/figure-latex/Ocean ER Box Plot1-1.pdf Graphic file (type
 pdf)
<use FRAM_v_ERA_files/figure-latex/Ocean ER Box Plot1-1.pdf>
Package pdftex.def Info: FRAM_v_ERA_files/figure-latex/Ocean ER Box Plot1-1.pdf
  used on input line 238.
(pdftex.def)             Requested size: 469.75385pt x 264.23653pt.
<FRAM_v_ERA_files/figure-latex/Ocean ER Box Plot2-1.pdf, id=70, 578.16pt x 325.
215pt>
File: FRAM_v_ERA_files/figure-latex/Ocean ER Box Plot2-1.pdf Graphic file (type
 pdf)
<use FRAM_v_ERA_files/figure-latex/Ocean ER Box Plot2-1.pdf>
Package pdftex.def Info: FRAM_v_ERA_files/figure-latex/Ocean ER Box Plot2-1.pdf
  used on input line 242.
(pdftex.def)             Requested size: 469.75385pt x 264.23653pt.
[3 <./FRAM_v_ERA_files/figure-latex/Ocean ER Box Plot1-1.pdf> <./FRAM_v_ERA_fil
es/figure-latex/Ocean ER Box Plot2-1.pdf>]
<FRAM_v_ERA_files/figure-latex/unnamed-chunk-1-1.pdf, id=95, 469.755pt x 325.21
5pt>
File: FRAM_v_ERA_files/figure-latex/unnamed-chunk-1-1.pdf Graphic file (type pd
f)
<use FRAM_v_ERA_files/figure-latex/unnamed-chunk-1-1.pdf>
Package pdftex.def Info: FRAM_v_ERA_files/figure-latex/unnamed-chunk-1-1.pdf  u
sed on input line 273.
(pdftex.def)             Requested size: 469.75386pt x 325.2142pt.
<FRAM_v_ERA_files/figure-latex/unnamed-chunk-1-2.pdf, id=96, 469.755pt x 325.21
5pt>
File: FRAM_v_ERA_files/figure-latex/unnamed-chunk-1-2.pdf Graphic file (type pd
f)
<use FRAM_v_ERA_files/figure-latex/unnamed-chunk-1-2.pdf>
Package pdftex.def Info: FRAM_v_ERA_files/figure-latex/unnamed-chunk-1-2.pdf  u
sed on input line 274.
(pdftex.def)             Requested size: 469.75386pt x 325.2142pt.
<FRAM_v_ERA_files/figure-latex/unnamed-chunk-1-3.pdf, id=97, 469.755pt x 325.21
5pt>
File: FRAM_v_ERA_files/figure-latex/unnamed-chunk-1-3.pdf Graphic file (type pd
f)
<use FRAM_v_ERA_files/figure-latex/unnamed-chunk-1-3.pdf>
Package pdftex.def Info: FRAM_v_ERA_files/figure-latex/unnamed-chunk-1-3.pdf  u
sed on input line 275.
(pdftex.def)             Requested size: 469.75386pt x 325.2142pt.
<FRAM_v_ERA_files/figure-latex/unnamed-chunk-1-4.pdf, id=98, 469.755pt x 325.21
5pt>
File: FRAM_v_ERA_files/figure-latex/unnamed-chunk-1-4.pdf Graphic file (type pd
f)
<use FRAM_v_ERA_files/figure-latex/unnamed-chunk-1-4.pdf>
Package pdftex.def Info: FRAM_v_ERA_files/figure-latex/unnamed-chunk-1-4.pdf  u
sed on input line 276.
(pdftex.def)             Requested size: 469.75386pt x 325.2142pt.
[4 <./FRAM_v_ERA_files/figure-latex/unnamed-chunk-1-1.pdf>] [5 <./FRAM_v_ERA_fi
les/figure-latex/unnamed-chunk-1-2.pdf>] [6 <./FRAM_v_ERA_files/figure-latex/un
named-chunk-1-3.pdf>]
<FRAM_v_ERA_files/figure-latex/unnamed-chunk-1-5.pdf, id=139, 469.755pt x 325.2
15pt>
File: FRAM_v_ERA_files/figure-latex/unnamed-chunk-1-5.pdf Graphic file (type pd
f)
<use FRAM_v_ERA_files/figure-latex/unnamed-chunk-1-5.pdf>
Package pdftex.def Info: FRAM_v_ERA_files/figure-latex/unnamed-chunk-1-5.pdf  u
sed on input line 307.
(pdftex.def)             Requested size: 469.75386pt x 325.2142pt.
<FRAM_v_ERA_files/figure-latex/unnamed-chunk-1-6.pdf, id=140, 469.755pt x 325.2
15pt>
File: FRAM_v_ERA_files/figure-latex/unnamed-chunk-1-6.pdf Graphic file (type pd
f)
<use FRAM_v_ERA_files/figure-latex/unnamed-chunk-1-6.pdf>
Package pdftex.def Info: FRAM_v_ERA_files/figure-latex/unnamed-chunk-1-6.pdf  u
sed on input line 308.
(pdftex.def)             Requested size: 469.75386pt x 325.2142pt.
<FRAM_v_ERA_files/figure-latex/unnamed-chunk-1-7.pdf, id=141, 469.755pt x 325.2
15pt>
File: FRAM_v_ERA_files/figure-latex/unnamed-chunk-1-7.pdf Graphic file (type pd
f)
<use FRAM_v_ERA_files/figure-latex/unnamed-chunk-1-7.pdf>
Package pdftex.def Info: FRAM_v_ERA_files/figure-latex/unnamed-chunk-1-7.pdf  u
sed on input line 309.
(pdftex.def)             Requested size: 469.75386pt x 325.2142pt.
<FRAM_v_ERA_files/figure-latex/unnamed-chunk-1-8.pdf, id=142, 469.755pt x 325.2
15pt>
File: FRAM_v_ERA_files/figure-latex/unnamed-chunk-1-8.pdf Graphic file (type pd
f)
<use FRAM_v_ERA_files/figure-latex/unnamed-chunk-1-8.pdf>
Package pdftex.def Info: FRAM_v_ERA_files/figure-latex/unnamed-chunk-1-8.pdf  u
sed on input line 310.
(pdftex.def)             Requested size: 469.75386pt x 325.2142pt.
[7 <./FRAM_v_ERA_files/figure-latex/unnamed-chunk-1-4.pdf>] [8 <./FRAM_v_ERA_fi
les/figure-latex/unnamed-chunk-1-5.pdf>] [9 <./FRAM_v_ERA_files/figure-latex/un
named-chunk-1-6.pdf>] [10 <./FRAM_v_ERA_files/figure-latex/unnamed-chunk-1-7.pd
f>]
<FRAM_v_ERA_files/figure-latex/unnamed-chunk-1-9.pdf, id=198, 469.755pt x 325.2
15pt>
File: FRAM_v_ERA_files/figure-latex/unnamed-chunk-1-9.pdf Graphic file (type pd
f)
<use FRAM_v_ERA_files/figure-latex/unnamed-chunk-1-9.pdf>
Package pdftex.def Info: FRAM_v_ERA_files/figure-latex/unnamed-chunk-1-9.pdf  u
sed on input line 331.
(pdftex.def)             Requested size: 469.75386pt x 325.2142pt.
<FRAM_v_ERA_files/figure-latex/unnamed-chunk-1-10.pdf, id=199, 469.755pt x 325.
215pt>
File: FRAM_v_ERA_files/figure-latex/unnamed-chunk-1-10.pdf Graphic file (type p
df)
<use FRAM_v_ERA_files/figure-latex/unnamed-chunk-1-10.pdf>
Package pdftex.def Info: FRAM_v_ERA_files/figure-latex/unnamed-chunk-1-10.pdf  
used on input line 332.
(pdftex.def)             Requested size: 469.75386pt x 325.2142pt.
<FRAM_v_ERA_files/figure-latex/unnamed-chunk-1-11.pdf, id=200, 469.755pt x 325.
215pt>
File: FRAM_v_ERA_files/figure-latex/unnamed-chunk-1-11.pdf Graphic file (type p
df)
<use FRAM_v_ERA_files/figure-latex/unnamed-chunk-1-11.pdf>
Package pdftex.def Info: FRAM_v_ERA_files/figure-latex/unnamed-chunk-1-11.pdf  
used on input line 333.
(pdftex.def)             Requested size: 469.75386pt x 325.2142pt.
<FRAM_v_ERA_files/figure-latex/unnamed-chunk-1-12.pdf, id=201, 469.755pt x 325.
215pt>
File: FRAM_v_ERA_files/figure-latex/unnamed-chunk-1-12.pdf Graphic file (type p
df)
<use FRAM_v_ERA_files/figure-latex/unnamed-chunk-1-12.pdf>
Package pdftex.def Info: FRAM_v_ERA_files/figure-latex/unnamed-chunk-1-12.pdf  
used on input line 334.
(pdftex.def)             Requested size: 469.75386pt x 325.2142pt.
[11 <./FRAM_v_ERA_files/figure-latex/unnamed-chunk-1-8.pdf>] [12 <./FRAM_v_ERA_
files/figure-latex/unnamed-chunk-1-9.pdf>] [13 <./FRAM_v_ERA_files/figure-latex
/unnamed-chunk-1-10.pdf>] [14 <./FRAM_v_ERA_files/figure-latex/unnamed-chunk-1-
11.pdf>]
<FRAM_v_ERA_files/figure-latex/unnamed-chunk-1-13.pdf, id=256, 469.755pt x 325.
215pt>
File: FRAM_v_ERA_files/figure-latex/unnamed-chunk-1-13.pdf Graphic file (type p
df)
<use FRAM_v_ERA_files/figure-latex/unnamed-chunk-1-13.pdf>
Package pdftex.def Info: FRAM_v_ERA_files/figure-latex/unnamed-chunk-1-13.pdf  
used on input line 373.
(pdftex.def)             Requested size: 469.75386pt x 325.2142pt.
<FRAM_v_ERA_files/figure-latex/unnamed-chunk-1-14.pdf, id=257, 469.755pt x 325.
215pt>
File: FRAM_v_ERA_files/figure-latex/unnamed-chunk-1-14.pdf Graphic file (type p
df)
<use FRAM_v_ERA_files/figure-latex/unnamed-chunk-1-14.pdf>
Package pdftex.def Info: FRAM_v_ERA_files/figure-latex/unnamed-chunk-1-14.pdf  
used on input line 374.
(pdftex.def)             Requested size: 469.75386pt x 325.2142pt.
<FRAM_v_ERA_files/figure-latex/unnamed-chunk-1-15.pdf, id=258, 469.755pt x 325.
215pt>
File: FRAM_v_ERA_files/figure-latex/unnamed-chunk-1-15.pdf Graphic file (type p
df)
<use FRAM_v_ERA_files/figure-latex/unnamed-chunk-1-15.pdf>
Package pdftex.def Info: FRAM_v_ERA_files/figure-latex/unnamed-chunk-1-15.pdf  
used on input line 375.
(pdftex.def)             Requested size: 469.75386pt x 325.2142pt.
<FRAM_v_ERA_files/figure-latex/unnamed-chunk-1-16.pdf, id=259, 469.755pt x 325.
215pt>
File: FRAM_v_ERA_files/figure-latex/unnamed-chunk-1-16.pdf Graphic file (type p
df)
<use FRAM_v_ERA_files/figure-latex/unnamed-chunk-1-16.pdf>
Package pdftex.def Info: FRAM_v_ERA_files/figure-latex/unnamed-chunk-1-16.pdf  
used on input line 376.
(pdftex.def)             Requested size: 469.75386pt x 325.2142pt.
[15 <./FRAM_v_ERA_files/figure-latex/unnamed-chunk-1-12.pdf>] [16 <./FRAM_v_ERA
_files/figure-latex/unnamed-chunk-1-13.pdf>] [17 <./FRAM_v_ERA_files/figure-lat
ex/unnamed-chunk-1-14.pdf>] [18 <./FRAM_v_ERA_files/figure-latex/unnamed-chunk-
1-15.pdf>]
<FRAM_v_ERA_files/figure-latex/unnamed-chunk-1-17.pdf, id=314, 469.755pt x 325.
215pt>
File: FRAM_v_ERA_files/figure-latex/unnamed-chunk-1-17.pdf Graphic file (type p
df)
<use FRAM_v_ERA_files/figure-latex/unnamed-chunk-1-17.pdf>
Package pdftex.def Info: FRAM_v_ERA_files/figure-latex/unnamed-chunk-1-17.pdf  
used on input line 401.
(pdftex.def)             Requested size: 469.75386pt x 325.2142pt.
<FRAM_v_ERA_files/figure-latex/unnamed-chunk-1-18.pdf, id=315, 469.755pt x 325.
215pt>
File: FRAM_v_ERA_files/figure-latex/unnamed-chunk-1-18.pdf Graphic file (type p
df)
<use FRAM_v_ERA_files/figure-latex/unnamed-chunk-1-18.pdf>
Package pdftex.def Info: FRAM_v_ERA_files/figure-latex/unnamed-chunk-1-18.pdf  
used on input line 402.
(pdftex.def)             Requested size: 469.75386pt x 325.2142pt.
<FRAM_v_ERA_files/figure-latex/unnamed-chunk-1-19.pdf, id=316, 469.755pt x 325.
215pt>
File: FRAM_v_ERA_files/figure-latex/unnamed-chunk-1-19.pdf Graphic file (type p
df)
<use FRAM_v_ERA_files/figure-latex/unnamed-chunk-1-19.pdf>
Package pdftex.def Info: FRAM_v_ERA_files/figure-latex/unnamed-chunk-1-19.pdf  
used on input line 403.
(pdftex.def)             Requested size: 469.75386pt x 325.2142pt.
<FRAM_v_ERA_files/figure-latex/unnamed-chunk-1-20.pdf, id=317, 469.755pt x 325.
215pt>
File: FRAM_v_ERA_files/figure-latex/unnamed-chunk-1-20.pdf Graphic file (type p
df)
<use FRAM_v_ERA_files/figure-latex/unnamed-chunk-1-20.pdf>
Package pdftex.def Info: FRAM_v_ERA_files/figure-latex/unnamed-chunk-1-20.pdf  
used on input line 404.
(pdftex.def)             Requested size: 469.75386pt x 325.2142pt.
[19 <./FRAM_v_ERA_files/figure-latex/unnamed-chunk-1-16.pdf>] [20 <./FRAM_v_ERA
_files/figure-latex/unnamed-chunk-1-17.pdf>] [21 <./FRAM_v_ERA_files/figure-lat
ex/unnamed-chunk-1-18.pdf>] [22 <./FRAM_v_ERA_files/figure-latex/unnamed-chunk-
1-19.pdf>]
<FRAM_v_ERA_files/figure-latex/unnamed-chunk-1-21.pdf, id=372, 469.755pt x 325.
215pt>
File: FRAM_v_ERA_files/figure-latex/unnamed-chunk-1-21.pdf Graphic file (type p
df)
<use FRAM_v_ERA_files/figure-latex/unnamed-chunk-1-21.pdf>
Package pdftex.def Info: FRAM_v_ERA_files/figure-latex/unnamed-chunk-1-21.pdf  
used on input line 465.
(pdftex.def)             Requested size: 469.75386pt x 325.2142pt.
<FRAM_v_ERA_files/figure-latex/unnamed-chunk-1-22.pdf, id=373, 469.755pt x 325.
215pt>
File: FRAM_v_ERA_files/figure-latex/unnamed-chunk-1-22.pdf Graphic file (type p
df)
<use FRAM_v_ERA_files/figure-latex/unnamed-chunk-1-22.pdf>
Package pdftex.def Info: FRAM_v_ERA_files/figure-latex/unnamed-chunk-1-22.pdf  
used on input line 466.
(pdftex.def)             Requested size: 469.75386pt x 325.2142pt.
<FRAM_v_ERA_files/figure-latex/unnamed-chunk-1-23.pdf, id=374, 469.755pt x 325.
215pt>
File: FRAM_v_ERA_files/figure-latex/unnamed-chunk-1-23.pdf Graphic file (type p
df)
<use FRAM_v_ERA_files/figure-latex/unnamed-chunk-1-23.pdf>
Package pdftex.def Info: FRAM_v_ERA_files/figure-latex/unnamed-chunk-1-23.pdf  
used on input line 467.
(pdftex.def)             Requested size: 469.75386pt x 325.2142pt.
<FRAM_v_ERA_files/figure-latex/unnamed-chunk-1-24.pdf, id=375, 469.755pt x 325.
215pt>
File: FRAM_v_ERA_files/figure-latex/unnamed-chunk-1-24.pdf Graphic file (type p
df)
<use FRAM_v_ERA_files/figure-latex/unnamed-chunk-1-24.pdf>
Package pdftex.def Info: FRAM_v_ERA_files/figure-latex/unnamed-chunk-1-24.pdf  
used on input line 468.
(pdftex.def)             Requested size: 469.75386pt x 325.2142pt.
[23 <./FRAM_v_ERA_files/figure-latex/unnamed-chunk-1-20.pdf>]
Overfull \vbox (1.18404pt too high) has occurred while \output is active []

[24 <./FRAM_v_ERA_files/figure-latex/unnamed-chunk-1-21.pdf>] [25 <./FRAM_v_ERA
_files/figure-latex/unnamed-chunk-1-22.pdf>] [26 <./FRAM_v_ERA_files/figure-lat
ex/unnamed-chunk-1-23.pdf>]
<FRAM_v_ERA_files/figure-latex/unnamed-chunk-1-25.pdf, id=431, 469.755pt x 325.
215pt>
File: FRAM_v_ERA_files/figure-latex/unnamed-chunk-1-25.pdf Graphic file (type p
df)
<use FRAM_v_ERA_files/figure-latex/unnamed-chunk-1-25.pdf>
Package pdftex.def Info: FRAM_v_ERA_files/figure-latex/unnamed-chunk-1-25.pdf  
used on input line 507.
(pdftex.def)             Requested size: 469.75386pt x 325.2142pt.
<FRAM_v_ERA_files/figure-latex/unnamed-chunk-1-26.pdf, id=432, 469.755pt x 325.
215pt>
File: FRAM_v_ERA_files/figure-latex/unnamed-chunk-1-26.pdf Graphic file (type p
df)
<use FRAM_v_ERA_files/figure-latex/unnamed-chunk-1-26.pdf>
Package pdftex.def Info: FRAM_v_ERA_files/figure-latex/unnamed-chunk-1-26.pdf  
used on input line 508.
(pdftex.def)             Requested size: 469.75386pt x 325.2142pt.
<FRAM_v_ERA_files/figure-latex/unnamed-chunk-1-27.pdf, id=433, 469.755pt x 325.
215pt>
File: FRAM_v_ERA_files/figure-latex/unnamed-chunk-1-27.pdf Graphic file (type p
df)
<use FRAM_v_ERA_files/figure-latex/unnamed-chunk-1-27.pdf>
Package pdftex.def Info: FRAM_v_ERA_files/figure-latex/unnamed-chunk-1-27.pdf  
used on input line 509.
(pdftex.def)             Requested size: 469.75386pt x 325.2142pt.
<FRAM_v_ERA_files/figure-latex/unnamed-chunk-1-28.pdf, id=434, 469.755pt x 325.
215pt>
File: FRAM_v_ERA_files/figure-latex/unnamed-chunk-1-28.pdf Graphic file (type p
df)
<use FRAM_v_ERA_files/figure-latex/unnamed-chunk-1-28.pdf>
Package pdftex.def Info: FRAM_v_ERA_files/figure-latex/unnamed-chunk-1-28.pdf  
used on input line 510.
(pdftex.def)             Requested size: 469.75386pt x 325.2142pt.
[27 <./FRAM_v_ERA_files/figure-latex/unnamed-chunk-1-24.pdf>] [28 <./FRAM_v_ERA
_files/figure-latex/unnamed-chunk-1-25.pdf>] [29 <./FRAM_v_ERA_files/figure-lat
ex/unnamed-chunk-1-26.pdf>] [30 <./FRAM_v_ERA_files/figure-latex/unnamed-chunk-
1-27.pdf>]
<FRAM_v_ERA_files/figure-latex/unnamed-chunk-1-29.pdf, id=488, 469.755pt x 325.
215pt>
File: FRAM_v_ERA_files/figure-latex/unnamed-chunk-1-29.pdf Graphic file (type p
df)
<use FRAM_v_ERA_files/figure-latex/unnamed-chunk-1-29.pdf>
Package pdftex.def Info: FRAM_v_ERA_files/figure-latex/unnamed-chunk-1-29.pdf  
used on input line 535.
(pdftex.def)             Requested size: 469.75386pt x 325.2142pt.
<FRAM_v_ERA_files/figure-latex/unnamed-chunk-1-30.pdf, id=489, 469.755pt x 325.
215pt>
File: FRAM_v_ERA_files/figure-latex/unnamed-chunk-1-30.pdf Graphic file (type p
df)
<use FRAM_v_ERA_files/figure-latex/unnamed-chunk-1-30.pdf>
Package pdftex.def Info: FRAM_v_ERA_files/figure-latex/unnamed-chunk-1-30.pdf  
used on input line 536.
(pdftex.def)             Requested size: 469.75386pt x 325.2142pt.
<FRAM_v_ERA_files/figure-latex/unnamed-chunk-1-31.pdf, id=490, 469.755pt x 325.
215pt>
File: FRAM_v_ERA_files/figure-latex/unnamed-chunk-1-31.pdf Graphic file (type p
df)
<use FRAM_v_ERA_files/figure-latex/unnamed-chunk-1-31.pdf>
Package pdftex.def Info: FRAM_v_ERA_files/figure-latex/unnamed-chunk-1-31.pdf  
used on input line 537.
(pdftex.def)             Requested size: 469.75386pt x 325.2142pt.
<FRAM_v_ERA_files/figure-latex/unnamed-chunk-1-32.pdf, id=491, 469.755pt x 325.
215pt>
File: FRAM_v_ERA_files/figure-latex/unnamed-chunk-1-32.pdf Graphic file (type p
df)
<use FRAM_v_ERA_files/figure-latex/unnamed-chunk-1-32.pdf>
Package pdftex.def Info: FRAM_v_ERA_files/figure-latex/unnamed-chunk-1-32.pdf  
used on input line 538.
(pdftex.def)             Requested size: 469.75386pt x 325.2142pt.
[31 <./FRAM_v_ERA_files/figure-latex/unnamed-chunk-1-28.pdf>] [32 <./FRAM_v_ERA
_files/figure-latex/unnamed-chunk-1-29.pdf>] [33 <./FRAM_v_ERA_files/figure-lat
ex/unnamed-chunk-1-30.pdf>] [34 <./FRAM_v_ERA_files/figure-latex/unnamed-chunk-
1-31.pdf>]

LaTeX Warning: Float too large for page by 193.16957pt on input line 683.

<FRAM_v_ERA_files/figure-latex/unnamed-chunk-1-33.pdf, id=547, 469.755pt x 325.
215pt>
File: FRAM_v_ERA_files/figure-latex/unnamed-chunk-1-33.pdf Graphic file (type p
df)
<use FRAM_v_ERA_files/figure-latex/unnamed-chunk-1-33.pdf>
Package pdftex.def Info: FRAM_v_ERA_files/figure-latex/unnamed-chunk-1-33.pdf  
used on input line 685.
(pdftex.def)             Requested size: 469.75386pt x 325.2142pt.
<FRAM_v_ERA_files/figure-latex/unnamed-chunk-1-34.pdf, id=548, 469.755pt x 325.
215pt>
File: FRAM_v_ERA_files/figure-latex/unnamed-chunk-1-34.pdf Graphic file (type p
df)
<use FRAM_v_ERA_files/figure-latex/unnamed-chunk-1-34.pdf>
Package pdftex.def Info: FRAM_v_ERA_files/figure-latex/unnamed-chunk-1-34.pdf  
used on input line 686.
(pdftex.def)             Requested size: 469.75386pt x 325.2142pt.
[35 <./FRAM_v_ERA_files/figure-latex/unnamed-chunk-1-32.pdf>] [36] [37 <./FRAM_
v_ERA_files/figure-latex/unnamed-chunk-1-33.pdf>]
LaTeX Font Info:    Trying to load font information for T1+lmtt on input line 6
88.

(c:/Users/jonathan.carey/AppData/Roaming/TinyTeX/texmf-dist/tex/latex/lm/t1lmtt
.fd
File: t1lmtt.fd 2015/05/01 v1.6.1 Font defs for Latin Modern
)
<FRAM_v_ERA_files/figure-latex/unnamed-chunk-1-35.pdf, id=581, 469.755pt x 325.
215pt>
File: FRAM_v_ERA_files/figure-latex/unnamed-chunk-1-35.pdf Graphic file (type p
df)
<use FRAM_v_ERA_files/figure-latex/unnamed-chunk-1-35.pdf>
Package pdftex.def Info: FRAM_v_ERA_files/figure-latex/unnamed-chunk-1-35.pdf  
used on input line 696.
(pdftex.def)             Requested size: 469.75386pt x 325.2142pt.
[38 <./FRAM_v_ERA_files/figure-latex/unnamed-chunk-1-34.pdf>]
<FRAM_v_ERA_files/figure-latex/unnamed-chunk-1-36.pdf, id=596, 469.755pt x 325.
215pt>
File: FRAM_v_ERA_files/figure-latex/unnamed-chunk-1-36.pdf Graphic file (type p
df)
<use FRAM_v_ERA_files/figure-latex/unnamed-chunk-1-36.pdf>
Package pdftex.def Info: FRAM_v_ERA_files/figure-latex/unnamed-chunk-1-36.pdf  
used on input line 702.
(pdftex.def)             Requested size: 469.75386pt x 325.2142pt.
[39 <./FRAM_v_ERA_files/figure-latex/unnamed-chunk-1-35.pdf>]
<FRAM_v_ERA_files/figure-latex/unnamed-chunk-1-37.pdf, id=610, 469.755pt x 325.
215pt>
File: FRAM_v_ERA_files/figure-latex/unnamed-chunk-1-37.pdf Graphic file (type p
df)
<use FRAM_v_ERA_files/figure-latex/unnamed-chunk-1-37.pdf>
Package pdftex.def Info: FRAM_v_ERA_files/figure-latex/unnamed-chunk-1-37.pdf  
used on input line 739.
(pdftex.def)             Requested size: 469.75386pt x 325.2142pt.
<FRAM_v_ERA_files/figure-latex/unnamed-chunk-1-38.pdf, id=611, 469.755pt x 325.
215pt>
File: FRAM_v_ERA_files/figure-latex/unnamed-chunk-1-38.pdf Graphic file (type p
df)
<use FRAM_v_ERA_files/figure-latex/unnamed-chunk-1-38.pdf>
Package pdftex.def Info: FRAM_v_ERA_files/figure-latex/unnamed-chunk-1-38.pdf  
used on input line 740.
(pdftex.def)             Requested size: 469.75386pt x 325.2142pt.
<FRAM_v_ERA_files/figure-latex/unnamed-chunk-1-39.pdf, id=612, 469.755pt x 325.
215pt>
File: FRAM_v_ERA_files/figure-latex/unnamed-chunk-1-39.pdf Graphic file (type p
df)
<use FRAM_v_ERA_files/figure-latex/unnamed-chunk-1-39.pdf>
Package pdftex.def Info: FRAM_v_ERA_files/figure-latex/unnamed-chunk-1-39.pdf  
used on input line 741.
(pdftex.def)             Requested size: 469.75386pt x 325.2142pt.
<FRAM_v_ERA_files/figure-latex/unnamed-chunk-1-40.pdf, id=613, 469.755pt x 325.
215pt>
File: FRAM_v_ERA_files/figure-latex/unnamed-chunk-1-40.pdf Graphic file (type p
df)
<use FRAM_v_ERA_files/figure-latex/unnamed-chunk-1-40.pdf>
Package pdftex.def Info: FRAM_v_ERA_files/figure-latex/unnamed-chunk-1-40.pdf  
used on input line 742.
(pdftex.def)             Requested size: 469.75386pt x 325.2142pt.
[40 <./FRAM_v_ERA_files/figure-latex/unnamed-chunk-1-36.pdf>] [41 <./FRAM_v_ERA
_files/figure-latex/unnamed-chunk-1-37.pdf>] [42 <./FRAM_v_ERA_files/figure-lat
ex/unnamed-chunk-1-38.pdf>] [43 <./FRAM_v_ERA_files/figure-latex/unnamed-chunk-
1-39.pdf>]
<FRAM_v_ERA_files/figure-latex/unnamed-chunk-1-41.pdf, id=669, 469.755pt x 325.
215pt>
File: FRAM_v_ERA_files/figure-latex/unnamed-chunk-1-41.pdf Graphic file (type p
df)
<use FRAM_v_ERA_files/figure-latex/unnamed-chunk-1-41.pdf>
Package pdftex.def Info: FRAM_v_ERA_files/figure-latex/unnamed-chunk-1-41.pdf  
used on input line 763.
(pdftex.def)             Requested size: 469.75386pt x 325.2142pt.
<FRAM_v_ERA_files/figure-latex/unnamed-chunk-1-42.pdf, id=670, 469.755pt x 325.
215pt>
File: FRAM_v_ERA_files/figure-latex/unnamed-chunk-1-42.pdf Graphic file (type p
df)
<use FRAM_v_ERA_files/figure-latex/unnamed-chunk-1-42.pdf>
Package pdftex.def Info: FRAM_v_ERA_files/figure-latex/unnamed-chunk-1-42.pdf  
used on input line 764.
(pdftex.def)             Requested size: 469.75386pt x 325.2142pt.
<FRAM_v_ERA_files/figure-latex/unnamed-chunk-1-43.pdf, id=671, 469.755pt x 325.
215pt>
File: FRAM_v_ERA_files/figure-latex/unnamed-chunk-1-43.pdf Graphic file (type p
df)
<use FRAM_v_ERA_files/figure-latex/unnamed-chunk-1-43.pdf>
Package pdftex.def Info: FRAM_v_ERA_files/figure-latex/unnamed-chunk-1-43.pdf  
used on input line 765.
(pdftex.def)             Requested size: 469.75386pt x 325.2142pt.
<FRAM_v_ERA_files/figure-latex/unnamed-chunk-1-44.pdf, id=672, 469.755pt x 325.
215pt>
File: FRAM_v_ERA_files/figure-latex/unnamed-chunk-1-44.pdf Graphic file (type p
df)
<use FRAM_v_ERA_files/figure-latex/unnamed-chunk-1-44.pdf>
Package pdftex.def Info: FRAM_v_ERA_files/figure-latex/unnamed-chunk-1-44.pdf  
used on input line 766.
(pdftex.def)             Requested size: 469.75386pt x 325.2142pt.
[44 <./FRAM_v_ERA_files/figure-latex/unnamed-chunk-1-40.pdf>] [45 <./FRAM_v_ERA
_files/figure-latex/unnamed-chunk-1-41.pdf>] [46 <./FRAM_v_ERA_files/figure-lat
ex/unnamed-chunk-1-42.pdf>] [47 <./FRAM_v_ERA_files/figure-latex/unnamed-chunk-
1-43.pdf>]
<FRAM_v_ERA_files/figure-latex/unnamed-chunk-1-45.pdf, id=726, 469.755pt x 325.
215pt>
File: FRAM_v_ERA_files/figure-latex/unnamed-chunk-1-45.pdf Graphic file (type p
df)
<use FRAM_v_ERA_files/figure-latex/unnamed-chunk-1-45.pdf>
Package pdftex.def Info: FRAM_v_ERA_files/figure-latex/unnamed-chunk-1-45.pdf  
used on input line 865.
(pdftex.def)             Requested size: 469.75386pt x 325.2142pt.
<FRAM_v_ERA_files/figure-latex/unnamed-chunk-1-46.pdf, id=727, 469.755pt x 325.
215pt>
File: FRAM_v_ERA_files/figure-latex/unnamed-chunk-1-46.pdf Graphic file (type p
df)
<use FRAM_v_ERA_files/figure-latex/unnamed-chunk-1-46.pdf>
Package pdftex.def Info: FRAM_v_ERA_files/figure-latex/unnamed-chunk-1-46.pdf  
used on input line 866.
(pdftex.def)             Requested size: 469.75386pt x 325.2142pt.
<FRAM_v_ERA_files/figure-latex/unnamed-chunk-1-47.pdf, id=728, 469.755pt x 325.
215pt>
File: FRAM_v_ERA_files/figure-latex/unnamed-chunk-1-47.pdf Graphic file (type p
df)
<use FRAM_v_ERA_files/figure-latex/unnamed-chunk-1-47.pdf>
Package pdftex.def Info: FRAM_v_ERA_files/figure-latex/unnamed-chunk-1-47.pdf  
used on input line 867.
(pdftex.def)             Requested size: 469.75386pt x 325.2142pt.
<FRAM_v_ERA_files/figure-latex/unnamed-chunk-1-48.pdf, id=729, 469.755pt x 325.
215pt>
File: FRAM_v_ERA_files/figure-latex/unnamed-chunk-1-48.pdf Graphic file (type p
df)
<use FRAM_v_ERA_files/figure-latex/unnamed-chunk-1-48.pdf>
Package pdftex.def Info: FRAM_v_ERA_files/figure-latex/unnamed-chunk-1-48.pdf  
used on input line 868.
(pdftex.def)             Requested size: 469.75386pt x 325.2142pt.
[48 <./FRAM_v_ERA_files/figure-latex/unnamed-chunk-1-44.pdf>] [49] [50 <./FRAM_
v_ERA_files/figure-latex/unnamed-chunk-1-45.pdf>] [51 <./FRAM_v_ERA_files/figur
e-latex/unnamed-chunk-1-46.pdf>] [52 <./FRAM_v_ERA_files/figure-latex/unnamed-c
hunk-1-47.pdf>]
<FRAM_v_ERA_files/figure-latex/unnamed-chunk-1-49.pdf, id=788, 469.755pt x 325.
215pt>
File: FRAM_v_ERA_files/figure-latex/unnamed-chunk-1-49.pdf Graphic file (type p
df)
<use FRAM_v_ERA_files/figure-latex/unnamed-chunk-1-49.pdf>
Package pdftex.def Info: FRAM_v_ERA_files/figure-latex/unnamed-chunk-1-49.pdf  
used on input line 889.
(pdftex.def)             Requested size: 469.75386pt x 325.2142pt.
<FRAM_v_ERA_files/figure-latex/unnamed-chunk-1-50.pdf, id=789, 469.755pt x 325.
215pt>
File: FRAM_v_ERA_files/figure-latex/unnamed-chunk-1-50.pdf Graphic file (type p
df)
<use FRAM_v_ERA_files/figure-latex/unnamed-chunk-1-50.pdf>
Package pdftex.def Info: FRAM_v_ERA_files/figure-latex/unnamed-chunk-1-50.pdf  
used on input line 890.
(pdftex.def)             Requested size: 469.75386pt x 325.2142pt.
<FRAM_v_ERA_files/figure-latex/unnamed-chunk-1-51.pdf, id=790, 469.755pt x 325.
215pt>
File: FRAM_v_ERA_files/figure-latex/unnamed-chunk-1-51.pdf Graphic file (type p
df)
<use FRAM_v_ERA_files/figure-latex/unnamed-chunk-1-51.pdf>
Package pdftex.def Info: FRAM_v_ERA_files/figure-latex/unnamed-chunk-1-51.pdf  
used on input line 891.
(pdftex.def)             Requested size: 469.75386pt x 325.2142pt.
<FRAM_v_ERA_files/figure-latex/unnamed-chunk-1-52.pdf, id=791, 469.755pt x 325.
215pt>
File: FRAM_v_ERA_files/figure-latex/unnamed-chunk-1-52.pdf Graphic file (type p
df)
<use FRAM_v_ERA_files/figure-latex/unnamed-chunk-1-52.pdf>
Package pdftex.def Info: FRAM_v_ERA_files/figure-latex/unnamed-chunk-1-52.pdf  
used on input line 892.
(pdftex.def)             Requested size: 469.75386pt x 325.2142pt.
[53 <./FRAM_v_ERA_files/figure-latex/unnamed-chunk-1-48.pdf>] [54 <./FRAM_v_ERA
_files/figure-latex/unnamed-chunk-1-49.pdf>] [55 <./FRAM_v_ERA_files/figure-lat
ex/unnamed-chunk-1-50.pdf>] [56 <./FRAM_v_ERA_files/figure-latex/unnamed-chunk-
1-51.pdf>]
<FRAM_v_ERA_files/figure-latex/unnamed-chunk-1-53.pdf, id=847, 469.755pt x 325.
215pt>
File: FRAM_v_ERA_files/figure-latex/unnamed-chunk-1-53.pdf Graphic file (type p
df)
<use FRAM_v_ERA_files/figure-latex/unnamed-chunk-1-53.pdf>
Package pdftex.def Info: FRAM_v_ERA_files/figure-latex/unnamed-chunk-1-53.pdf  
used on input line 913.
(pdftex.def)             Requested size: 469.75386pt x 325.2142pt.
<FRAM_v_ERA_files/figure-latex/unnamed-chunk-1-54.pdf, id=848, 469.755pt x 325.
215pt>
File: FRAM_v_ERA_files/figure-latex/unnamed-chunk-1-54.pdf Graphic file (type p
df)
<use FRAM_v_ERA_files/figure-latex/unnamed-chunk-1-54.pdf>
Package pdftex.def Info: FRAM_v_ERA_files/figure-latex/unnamed-chunk-1-54.pdf  
used on input line 914.
(pdftex.def)             Requested size: 469.75386pt x 325.2142pt.
<FRAM_v_ERA_files/figure-latex/unnamed-chunk-1-55.pdf, id=849, 469.755pt x 325.
215pt>
File: FRAM_v_ERA_files/figure-latex/unnamed-chunk-1-55.pdf Graphic file (type p
df)
<use FRAM_v_ERA_files/figure-latex/unnamed-chunk-1-55.pdf>
Package pdftex.def Info: FRAM_v_ERA_files/figure-latex/unnamed-chunk-1-55.pdf  
used on input line 915.
(pdftex.def)             Requested size: 469.75386pt x 325.2142pt.
[57 <./FRAM_v_ERA_files/figure-latex/unnamed-chunk-1-52.pdf>] [58 <./FRAM_v_ERA
_files/figure-latex/unnamed-chunk-1-53.pdf>] [59 <./FRAM_v_ERA_files/figure-lat
ex/unnamed-chunk-1-54.pdf>]
<FRAM_v_ERA_files/figure-latex/unnamed-chunk-1-56.pdf, id=890, 469.755pt x 325.
215pt>
File: FRAM_v_ERA_files/figure-latex/unnamed-chunk-1-56.pdf Graphic file (type p
df)
<use FRAM_v_ERA_files/figure-latex/unnamed-chunk-1-56.pdf>
Package pdftex.def Info: FRAM_v_ERA_files/figure-latex/unnamed-chunk-1-56.pdf  
used on input line 921.
(pdftex.def)             Requested size: 469.75386pt x 325.2142pt.
[60 <./FRAM_v_ERA_files/figure-latex/unnamed-chunk-1-55.pdf>]
<FRAM_v_ERA_files/figure-latex/unnamed-chunk-1-57.pdf, id=904, 469.755pt x 325.
215pt>
File: FRAM_v_ERA_files/figure-latex/unnamed-chunk-1-57.pdf Graphic file (type p
df)
<use FRAM_v_ERA_files/figure-latex/unnamed-chunk-1-57.pdf>
Package pdftex.def Info: FRAM_v_ERA_files/figure-latex/unnamed-chunk-1-57.pdf  
used on input line 944.
(pdftex.def)             Requested size: 469.75386pt x 325.2142pt.
<FRAM_v_ERA_files/figure-latex/unnamed-chunk-1-58.pdf, id=905, 469.755pt x 325.
215pt>
File: FRAM_v_ERA_files/figure-latex/unnamed-chunk-1-58.pdf Graphic file (type p
df)
<use FRAM_v_ERA_files/figure-latex/unnamed-chunk-1-58.pdf>
Package pdftex.def Info: FRAM_v_ERA_files/figure-latex/unnamed-chunk-1-58.pdf  
used on input line 945.
(pdftex.def)             Requested size: 469.75386pt x 325.2142pt.
<FRAM_v_ERA_files/figure-latex/unnamed-chunk-1-59.pdf, id=906, 469.755pt x 325.
215pt>
File: FRAM_v_ERA_files/figure-latex/unnamed-chunk-1-59.pdf Graphic file (type p
df)
<use FRAM_v_ERA_files/figure-latex/unnamed-chunk-1-59.pdf>
Package pdftex.def Info: FRAM_v_ERA_files/figure-latex/unnamed-chunk-1-59.pdf  
used on input line 946.
(pdftex.def)             Requested size: 469.75386pt x 325.2142pt.
<FRAM_v_ERA_files/figure-latex/unnamed-chunk-1-60.pdf, id=907, 469.755pt x 325.
215pt>
File: FRAM_v_ERA_files/figure-latex/unnamed-chunk-1-60.pdf Graphic file (type p
df)
<use FRAM_v_ERA_files/figure-latex/unnamed-chunk-1-60.pdf>
Package pdftex.def Info: FRAM_v_ERA_files/figure-latex/unnamed-chunk-1-60.pdf  
used on input line 947.
(pdftex.def)             Requested size: 469.75386pt x 325.2142pt.
[61 <./FRAM_v_ERA_files/figure-latex/unnamed-chunk-1-56.pdf>] [62 <./FRAM_v_ERA
_files/figure-latex/unnamed-chunk-1-57.pdf>] [63 <./FRAM_v_ERA_files/figure-lat
ex/unnamed-chunk-1-58.pdf>] [64 <./FRAM_v_ERA_files/figure-latex/unnamed-chunk-
1-59.pdf>] [65 <./FRAM_v_ERA_files/figure-latex/unnamed-chunk-1-60.pdf>] (./FRA
M_v_ERA.aux)
Package rerunfilecheck Info: File `FRAM_v_ERA.out' has not changed.
(rerunfilecheck)             Checksum: FDC1B50689EADB2D0037511A34D2624A;1325.
 ) 
Here is how much of TeX's memory you used:
 12203 strings out of 480502
 199820 string characters out of 5897325
 515685 words of memory out of 5000000
 29486 multiletter control sequences out of 15000+600000
 443508 words of font info for 66 fonts, out of 8000000 for 9000
 14 hyphenation exceptions out of 8191
 60i,9n,66p,363b,387s stack positions out of 5000i,500n,10000p,200000b,80000s
{c:/Users/jonathan.carey/AppData/Roaming/TinyTeX/texmf-dist/fonts/enc/dvips/l
m/lm-ec.enc}{c:/Users/jonathan.carey/AppData/Roaming/TinyTeX/texmf-dist/fonts/e
nc/dvips/lm/lm-mathsy.enc}{c:/Users/jonathan.carey/AppData/Roaming/TinyTeX/texm
f-dist/fonts/enc/dvips/lm/lm-rm.enc}{c:/Users/jonathan.carey/AppData/Roaming/Ti
nyTeX/texmf-dist/fonts/enc/dvips/lm/lm-mathex.enc}{c:/Users/jonathan.carey/AppD
ata/Roaming/TinyTeX/texmf-dist/fonts/enc/dvips/lm/lm-mathit.enc}{c:/Users/jonat
han.carey/AppData/Roaming/TinyTeX/texmf-dist/fonts/enc/dvips/lm/lm-ts1.enc}<c:/
Users/jonathan.carey/AppData/Roaming/TinyTeX/texmf-dist/fonts/type1/public/lm/l
mbx10.pfb><c:/Users/jonathan.carey/AppData/Roaming/TinyTeX/texmf-dist/fonts/typ
e1/public/lm/lmbx12.pfb><c:/Users/jonathan.carey/AppData/Roaming/TinyTeX/texmf-
dist/fonts/type1/public/lm/lmex10.pfb><c:/Users/jonathan.carey/AppData/Roaming/
TinyTeX/texmf-dist/fonts/type1/public/lm/lmmi10.pfb><c:/Users/jonathan.carey/Ap
pData/Roaming/TinyTeX/texmf-dist/fonts/type1/public/lm/lmmi7.pfb><c:/Users/jona
than.carey/AppData/Roaming/TinyTeX/texmf-dist/fonts/type1/public/lm/lmr10.pfb><
c:/Users/jonathan.carey/AppData/Roaming/TinyTeX/texmf-dist/fonts/type1/public/l
m/lmr12.pfb><c:/Users/jonathan.carey/AppData/Roaming/TinyTeX/texmf-dist/fonts/t
ype1/public/lm/lmr17.pfb><c:/Users/jonathan.carey/AppData/Roaming/TinyTeX/texmf
-dist/fonts/type1/public/lm/lmr7.pfb><c:/Users/jonathan.carey/AppData/Roaming/T
inyTeX/texmf-dist/fonts/type1/public/lm/lmsy10.pfb><c:/Users/jonathan.carey/App
Data/Roaming/TinyTeX/texmf-dist/fonts/type1/public/lm/lmsy7.pfb><c:/Users/jonat
han.carey/AppData/Roaming/TinyTeX/texmf-dist/fonts/type1/public/lm/lmtt10.pfb>
Output written on FRAM_v_ERA.pdf (65 pages, 775850 bytes).
PDF statistics:
 1062 PDF objects out of 1200 (max. 8388607)
 836 compressed objects within 9 object streams
 96 named destinations out of 1000 (max. 500000)
 383 words of extra memory for PDF output out of 10000 (max. 10000000)

